<?xml version="1.0" encoding="UTF-8"?>
<testng-results ignored="0" total="1" passed="1" failed="0" skipped="0">
  <reporter-output>
  </reporter-output>
  <suite started-at="2024-10-10T00:49:13 EET" name="Default suite" finished-at="2024-10-10T00:49:48 EET" duration-ms="35380">
    <groups>
    </groups>
    <test started-at="2024-10-10T00:49:13 EET" name="Default test" finished-at="2024-10-10T00:49:48 EET" duration-ms="35380">
      <class name="MyTestCases">
        <test-method is-config="true" signature="Mysetup()[pri:0, instance:MyTestCases@373ebf74]" started-at="2024-10-10T00:49:13 EET" name="Mysetup" finished-at="2024-10-10T00:49:25 EET" duration-ms="12811" status="PASS">
          <reporter-output>
          </reporter-output>
        </test-method> <!-- Mysetup -->
        <test-method signature="signUp()[pri:1, instance:MyTestCases@373ebf74]" started-at="2024-10-10T00:49:25 EET" name="signUp" finished-at="2024-10-10T00:49:48 EET" duration-ms="22511" status="PASS">
          <reporter-output>
          </reporter-output>
        </test-method> <!-- signUp -->
      </class> <!-- MyTestCases -->
    </test> <!-- Default test -->
  </suite> <!-- Default suite -->
</testng-results>
